build/app/intermediates/manifest_merge_blame_file/release/manifest-merger-blame-release-report.txt
1<?xml version="1.0" encoding="utf-8"?>
2<manifest xmlns:android="http://schemas.android.com/apk/res/android"
3    package="com.production.airruppies"
4    android:versionCode="1"
5    android:versionName="1.0.0" >
6
7    <uses-sdk
8        android:minSdkVersion="19"
8-->src/main/AndroidManifest.xml
9        android:targetSdkVersion="33" />
9-->src/main/AndroidManifest.xml
10
11    <uses-permission android:name="android.permission.USE_FINGERPRINT" />
11-->src/main/AndroidManifest.xml:3:6-74
11-->src/main/AndroidManifest.xml:3:23-72
12    <uses-permission android:name="android.permission.INTERNET" />
12-->src/main/AndroidManifest.xml:4:10-71
12-->src/main/AndroidManifest.xml:4:27-69
13    <uses-permission android:name="android.permission.READ_CONTACTS" />
13-->src/main/AndroidManifest.xml:5:10-77
13-->src/main/AndroidManifest.xml:5:27-74
14    <uses-permission android:name="android.permission.WRITE_CONTACTS" />
14-->src/main/AndroidManifest.xml:6:1-69
14-->src/main/AndroidManifest.xml:6:18-66
15    <uses-permission android:name="android.permission.ACCESS_COARSE_LOCATION" />
15-->src/main/AndroidManifest.xml:7:10-85
15-->src/main/AndroidManifest.xml:7:27-83
16    <uses-permission android:name="android.permission.ACCESS_FINE_LOCATION" />
16-->src/main/AndroidManifest.xml:8:11-84
16-->src/main/AndroidManifest.xml:8:28-82
17    <uses-permission android:name="android.permission.USE_BIOMETRIC" />
17-->src/main/AndroidManifest.xml:9:13-79
17-->src/main/AndroidManifest.xml:9:30-77
18
19    <queries>
19-->[:contacts_service] AndroidManifest.xml:9:5-22:15
20        <intent>
20-->[:contacts_service] AndroidManifest.xml:10:9-12:18
21            <action android:name="android.accounts.AccountAuthenticator" />
21-->[:contacts_service] AndroidManifest.xml:11:13-76
21-->[:contacts_service] AndroidManifest.xml:11:21-73
22        </intent>
23        <!-- Allows the app to load an icon corresponding to the custom MIME type. -->
24        <intent>
24-->[:contacts_service] AndroidManifest.xml:14:9-21:18
25            <action android:name="android.intent.action.VIEW" />
25-->[:contacts_service] AndroidManifest.xml:15:13-65
25-->[:contacts_service] AndroidManifest.xml:15:21-62
26
27            <data
27-->[:contacts_service] AndroidManifest.xml:17:13-20:44
28                android:host="com.android.contacts"
28-->[:contacts_service] AndroidManifest.xml:18:17-52
29                android:mimeType="vnd.android.cursor.item/*"
29-->[:contacts_service] AndroidManifest.xml:19:17-61
30                android:scheme="content" />
30-->[:contacts_service] AndroidManifest.xml:20:17-41
31        </intent>
32    </queries> <!-- Create a unique permission for your app and use it so only your app can receive your OneSignal messages. -->
33    <permission
33-->[com.onesignal:notifications:5.0.0] AndroidManifest.xml:10:5-12:47
34        android:name="com.production.airruppies.permission.C2D_MESSAGE"
34-->[com.onesignal:notifications:5.0.0] AndroidManifest.xml:11:9-63
35        android:protectionLevel="signature" />
35-->[com.onesignal:notifications:5.0.0] AndroidManifest.xml:12:9-44
36
37    <uses-permission android:name="com.production.airruppies.permission.C2D_MESSAGE" /> <!-- Required runtime permission to display notifications on Android 13 -->
37-->[com.onesignal:notifications:5.0.0] AndroidManifest.xml:14:5-79
37-->[com.onesignal:notifications:5.0.0] AndroidManifest.xml:14:22-76
38    <uses-permission android:name="android.permission.POST_NOTIFICATIONS" /> <!-- Required, makes sure notifications are delivered on time. -->
38-->[com.onesignal:notifications:5.0.0] AndroidManifest.xml:17:5-77
38-->[com.onesignal:notifications:5.0.0] AndroidManifest.xml:17:22-74
39    <uses-permission android:name="android.permission.WAKE_LOCK" /> <!-- c2dm RECEIVE are basic requirements for push messages through Google's FCM -->
39-->[com.onesignal:notifications:5.0.0] AndroidManifest.xml:18:5-68
39-->[com.onesignal:notifications:5.0.0] AndroidManifest.xml:18:22-65
40    <uses-permission android:name="com.google.android.c2dm.permission.RECEIVE" />
40-->[com.onesignal:notifications:5.0.0] AndroidManifest.xml:19:5-82
40-->[com.onesignal:notifications:5.0.0] AndroidManifest.xml:19:22-79
41    <!--
42 Required so the device vibrates on receiving a push notification.
43         Vibration settings of the device still apply.
44    -->
45    <uses-permission android:name="android.permission.VIBRATE" />
45-->[com.onesignal:notifications:5.0.0] AndroidManifest.xml:24:5-66
45-->[com.onesignal:notifications:5.0.0] AndroidManifest.xml:24:22-63
46    <!--
47 Use to restore notifications the user hasn't interacted with.
48     They could be missed notifications if the user reboots their device if this isn't in place.
49    -->
50    <uses-permission android:name="android.permission.RECEIVE_BOOT_COMPLETED" /> <!-- START: ShortcutBadger -->
50-->[com.onesignal:notifications:5.0.0] AndroidManifest.xml:29:5-81
50-->[com.onesignal:notifications:5.0.0] AndroidManifest.xml:29:22-78
51    <!-- Samsung -->
52    <uses-permission android:name="com.sec.android.provider.badge.permission.READ" />
52-->[com.onesignal:notifications:5.0.0] AndroidManifest.xml:31:5-86
52-->[com.onesignal:notifications:5.0.0] AndroidManifest.xml:31:22-83
53    <uses-permission android:name="com.sec.android.provider.badge.permission.WRITE" /> <!-- HTC -->
53-->[com.onesignal:notifications:5.0.0] AndroidManifest.xml:32:5-87
53-->[com.onesignal:notifications:5.0.0] AndroidManifest.xml:32:22-84
54    <uses-permission android:name="com.htc.launcher.permission.READ_SETTINGS" />
54-->[com.onesignal:notifications:5.0.0] AndroidManifest.xml:33:5-81
54-->[com.onesignal:notifications:5.0.0] AndroidManifest.xml:33:22-78
55    <uses-permission android:name="com.htc.launcher.permission.UPDATE_SHORTCUT" /> <!-- Sony -->
55-->[com.onesignal:notifications:5.0.0] AndroidManifest.xml:34:5-83
55-->[com.onesignal:notifications:5.0.0] AndroidManifest.xml:34:22-80
56    <uses-permission android:name="com.sonyericsson.home.permission.BROADCAST_BADGE" />
56-->[com.onesignal:notifications:5.0.0] AndroidManifest.xml:35:5-88
56-->[com.onesignal:notifications:5.0.0] AndroidManifest.xml:35:22-85
57    <uses-permission android:name="com.sonymobile.home.permission.PROVIDER_INSERT_BADGE" /> <!-- Apex -->
57-->[com.onesignal:notifications:5.0.0] AndroidManifest.xml:36:5-92
57-->[com.onesignal:notifications:5.0.0] AndroidManifest.xml:36:22-89
58    <uses-permission android:name="com.anddoes.launcher.permission.UPDATE_COUNT" /> <!-- Solid -->
58-->[com.onesignal:notifications:5.0.0] AndroidManifest.xml:37:5-84
58-->[com.onesignal:notifications:5.0.0] AndroidManifest.xml:37:22-81
59    <uses-permission android:name="com.majeur.launcher.permission.UPDATE_BADGE" /> <!-- Huawei -->
59-->[com.onesignal:notifications:5.0.0] AndroidManifest.xml:38:5-83
59-->[com.onesignal:notifications:5.0.0] AndroidManifest.xml:38:22-80
60    <uses-permission android:name="com.huawei.android.launcher.permission.CHANGE_BADGE" />
60-->[com.onesignal:notifications:5.0.0] AndroidManifest.xml:39:5-91
60-->[com.onesignal:notifications:5.0.0] AndroidManifest.xml:39:22-88
61    <uses-permission android:name="com.huawei.android.launcher.permission.READ_SETTINGS" />
61-->[com.onesignal:notifications:5.0.0] AndroidManifest.xml:40:5-92
61-->[com.onesignal:notifications:5.0.0] AndroidManifest.xml:40:22-89
62    <uses-permission android:name="com.huawei.android.launcher.permission.WRITE_SETTINGS" /> <!-- ZUK -->
62-->[com.onesignal:notifications:5.0.0] AndroidManifest.xml:41:5-93
62-->[com.onesignal:notifications:5.0.0] AndroidManifest.xml:41:22-90
63    <uses-permission android:name="android.permission.READ_APP_BADGE" /> <!-- OPPO -->
63-->[com.onesignal:notifications:5.0.0] AndroidManifest.xml:42:5-73
63-->[com.onesignal:notifications:5.0.0] AndroidManifest.xml:42:22-70
64    <uses-permission android:name="com.oppo.launcher.permission.READ_SETTINGS" />
64-->[com.onesignal:notifications:5.0.0] AndroidManifest.xml:43:5-82
64-->[com.onesignal:notifications:5.0.0] AndroidManifest.xml:43:22-79
65    <uses-permission android:name="com.oppo.launcher.permission.WRITE_SETTINGS" /> <!-- EvMe -->
65-->[com.onesignal:notifications:5.0.0] AndroidManifest.xml:44:5-83
65-->[com.onesignal:notifications:5.0.0] AndroidManifest.xml:44:22-80
66    <uses-permission android:name="me.everything.badger.permission.BADGE_COUNT_READ" />
66-->[com.onesignal:notifications:5.0.0] AndroidManifest.xml:45:5-88
66-->[com.onesignal:notifications:5.0.0] AndroidManifest.xml:45:22-85
67    <uses-permission android:name="me.everything.badger.permission.BADGE_COUNT_WRITE" />
67-->[com.onesignal:notifications:5.0.0] AndroidManifest.xml:46:5-89
67-->[com.onesignal:notifications:5.0.0] AndroidManifest.xml:46:22-86
68    <uses-permission android:name="android.permission.ACCESS_NETWORK_STATE" />
68-->[com.onesignal:core:5.0.0] AndroidManifest.xml:10:5-79
68-->[com.onesignal:core:5.0.0] AndroidManifest.xml:10:22-76
69    <uses-permission android:name="android.permission.FOREGROUND_SERVICE" />
69-->[androidx.work:work-runtime:2.7.1] AndroidManifest.xml:28:5-77
69-->[androidx.work:work-runtime:2.7.1] AndroidManifest.xml:28:22-74
70
71    <permission
71-->[androidx.core:core:1.10.1] AndroidManifest.xml:22:5-24:47
72        android:name="com.production.airruppies.DYNAMIC_RECEIVER_NOT_EXPORTED_PERMISSION"
72-->[androidx.core:core:1.10.1] AndroidManifest.xml:23:9-81
73        android:protectionLevel="signature" />
73-->[androidx.core:core:1.10.1] AndroidManifest.xml:24:9-44
74
75    <uses-permission android:name="com.production.airruppies.DYNAMIC_RECEIVER_NOT_EXPORTED_PERMISSION" />
75-->[androidx.core:core:1.10.1] AndroidManifest.xml:26:5-97
75-->[androidx.core:core:1.10.1] AndroidManifest.xml:26:22-94
76
77    <application
78        android:name="android.app.Application"
78-->src/main/AndroidManifest.xml:13:9-42
79        android:appComponentFactory="androidx.core.app.CoreComponentFactory"
79-->[androidx.core:core:1.10.1] AndroidManifest.xml:28:18-86
80        android:icon="@mipmap/ic_launcher"
80-->src/main/AndroidManifest.xml:14:9-43
81        android:label="Air Ruppies" >
81-->src/main/AndroidManifest.xml:12:9-36
82        <activity
82-->src/main/AndroidManifest.xml:15:9-45:20
83            android:name="com.production.airruppies.MainActivity"
83-->src/main/AndroidManifest.xml:16:13-41
84            android:configChanges="orientation|keyboardHidden|keyboard|screenSize|smallestScreenSize|locale|layoutDirection|fontScale|screenLayout|density|uiMode"
84-->src/main/AndroidManifest.xml:20:13-163
85            android:exported="true"
85-->src/main/AndroidManifest.xml:17:13-36
86            android:hardwareAccelerated="true"
86-->src/main/AndroidManifest.xml:21:13-47
87            android:launchMode="singleTop"
87-->src/main/AndroidManifest.xml:18:13-43
88            android:theme="@style/LaunchTheme"
88-->src/main/AndroidManifest.xml:19:13-47
89            android:windowSoftInputMode="adjustResize" >
89-->src/main/AndroidManifest.xml:22:13-55
90
91            <!--
92                 Specifies an Android theme to apply to this Activity as soon as
93                 the Android process has started. This theme is visible to the user
94                 while the Flutter UI initializes. After that, this theme continues
95                 to determine the Window background behind the Flutter UI.
96            -->
97            <meta-data
97-->src/main/AndroidManifest.xml:27:13-30:17
98                android:name="io.flutter.embedding.android.NormalTheme"
98-->src/main/AndroidManifest.xml:28:15-70
99                android:resource="@style/NormalTheme" />
99-->src/main/AndroidManifest.xml:29:15-52
100            <!-- One signal icon -->
101            <meta-data
101-->src/main/AndroidManifest.xml:32:18-34:66
102                android:name="com.onesignal.messaging.default_notification_icon"
102-->src/main/AndroidManifest.xml:33:9-73
103                android:resource="@drawable/ic_stat_onesignal_default" />
103-->src/main/AndroidManifest.xml:34:9-63
104            <meta-data
104-->src/main/AndroidManifest.xml:36:5-38:34
105                android:name="com.onesignal.NotificationAccentColor.DEFAULT"
105-->src/main/AndroidManifest.xml:37:9-69
106                android:value="FFFFFF" />
106-->src/main/AndroidManifest.xml:38:9-31
107
108            <!-- One signal icon -->
109            <intent-filter>
109-->src/main/AndroidManifest.xml:41:13-44:29
110                <action android:name="android.intent.action.MAIN" />
110-->src/main/AndroidManifest.xml:42:17-68
110-->src/main/AndroidManifest.xml:42:25-66
111
112                <category android:name="android.intent.category.LAUNCHER" />
112-->src/main/AndroidManifest.xml:43:17-76
112-->src/main/AndroidManifest.xml:43:27-74
113            </intent-filter>
114        </activity>
115        <!--
116             Don't delete the meta-data below.
117             This is used by the Flutter tool to generate GeneratedPluginRegistrant.java
118        -->
119        <meta-data
119-->src/main/AndroidManifest.xml:48:9-50:33
120            android:name="flutterEmbedding"
120-->src/main/AndroidManifest.xml:49:13-44
121            android:value="2" />
121-->src/main/AndroidManifest.xml:50:13-30
122
123        <provider
123-->[:image_picker_android] AndroidManifest.xml:10:9-18:20
124            android:name="io.flutter.plugins.imagepicker.ImagePickerFileProvider"
124-->[:image_picker_android] AndroidManifest.xml:11:13-82
125            android:authorities="com.production.airruppies.flutter.image_provider"
125-->[:image_picker_android] AndroidManifest.xml:12:13-74
126            android:exported="false"
126-->[:image_picker_android] AndroidManifest.xml:13:13-37
127            android:grantUriPermissions="true" >
127-->[:image_picker_android] AndroidManifest.xml:14:13-47
128            <meta-data
128-->[:image_picker_android] AndroidManifest.xml:15:13-17:75
129                android:name="android.support.FILE_PROVIDER_PATHS"
129-->[:image_picker_android] AndroidManifest.xml:16:17-67
130                android:resource="@xml/flutter_image_picker_file_paths" />
130-->[:image_picker_android] AndroidManifest.xml:17:17-72
131        </provider>
132
133        <activity
133-->[:url_launcher_android] AndroidManifest.xml:10:9-13:74
134            android:name="io.flutter.plugins.urllauncher.WebViewActivity"
134-->[:url_launcher_android] AndroidManifest.xml:11:13-74
135            android:exported="false"
135-->[:url_launcher_android] AndroidManifest.xml:12:13-37
136            android:theme="@android:style/Theme.NoTitleBar.Fullscreen" />
136-->[:url_launcher_android] AndroidManifest.xml:13:13-71
137
138        <provider
138-->[:share] AndroidManifest.xml:10:9-18:20
139            android:name="io.flutter.plugins.share.ShareFileProvider"
139-->[:share] AndroidManifest.xml:11:13-70
140            android:authorities="com.production.airruppies.flutter.share_provider"
140-->[:share] AndroidManifest.xml:12:13-74
141            android:exported="false"
141-->[:share] AndroidManifest.xml:13:13-37
142            android:grantUriPermissions="true" >
142-->[:share] AndroidManifest.xml:14:13-47
143            <meta-data
143-->[:image_picker_android] AndroidManifest.xml:15:13-17:75
144                android:name="android.support.FILE_PROVIDER_PATHS"
144-->[:image_picker_android] AndroidManifest.xml:16:17-67
145                android:resource="@xml/flutter_share_file_paths" />
145-->[:image_picker_android] AndroidManifest.xml:17:17-72
146        </provider>
147
148        <receiver
148-->[com.onesignal:notifications:5.0.0] AndroidManifest.xml:49:9-60:20
149            android:name="com.onesignal.notifications.receivers.FCMBroadcastReceiver"
149-->[com.onesignal:notifications:5.0.0] AndroidManifest.xml:50:13-86
150            android:exported="true"
150-->[com.onesignal:notifications:5.0.0] AndroidManifest.xml:51:13-36
151            android:permission="com.google.android.c2dm.permission.SEND" >
151-->[com.onesignal:notifications:5.0.0] AndroidManifest.xml:52:13-73
152
153            <!-- High priority so OneSignal payloads can be filtered from other FCM receivers -->
154            <intent-filter android:priority="999" >
154-->[com.onesignal:notifications:5.0.0] AndroidManifest.xml:55:13-59:29
154-->[com.onesignal:notifications:5.0.0] AndroidManifest.xml:55:28-50
155                <action android:name="com.google.android.c2dm.intent.RECEIVE" />
155-->[com.onesignal:notifications:5.0.0] AndroidManifest.xml:56:17-81
155-->[com.onesignal:notifications:5.0.0] AndroidManifest.xml:56:25-78
156
157                <category android:name="com.production.airruppies" />
157-->[com.onesignal:notifications:5.0.0] AndroidManifest.xml:58:17-61
157-->[com.onesignal:notifications:5.0.0] AndroidManifest.xml:58:27-58
158            </intent-filter>
159        </receiver>
160
161        <service
161-->[com.onesignal:notifications:5.0.0] AndroidManifest.xml:62:9-68:19
162            android:name="com.onesignal.notifications.services.HmsMessageServiceOneSignal"
162-->[com.onesignal:notifications:5.0.0] AndroidManifest.xml:63:13-91
163            android:exported="false" >
163-->[com.onesignal:notifications:5.0.0] AndroidManifest.xml:64:13-37
164            <intent-filter>
164-->[com.onesignal:notifications:5.0.0] AndroidManifest.xml:65:13-67:29
165                <action android:name="com.huawei.push.action.MESSAGING_EVENT" />
165-->[com.onesignal:notifications:5.0.0] AndroidManifest.xml:66:17-81
165-->[com.onesignal:notifications:5.0.0] AndroidManifest.xml:66:25-78
166            </intent-filter>
167        </service>
168
169        <activity
169-->[com.onesignal:notifications:5.0.0] AndroidManifest.xml:70:9-78:20
170            android:name="com.onesignal.notifications.activities.NotificationOpenedActivityHMS"
170-->[com.onesignal:notifications:5.0.0] AndroidManifest.xml:71:13-96
171            android:exported="true"
171-->[com.onesignal:notifications:5.0.0] AndroidManifest.xml:72:13-36
172            android:noHistory="true"
172-->[com.onesignal:notifications:5.0.0] AndroidManifest.xml:73:13-37
173            android:theme="@android:style/Theme.Translucent.NoTitleBar" >
173-->[com.onesignal:notifications:5.0.0] AndroidManifest.xml:74:13-72
174            <intent-filter>
174-->[com.onesignal:notifications:5.0.0] AndroidManifest.xml:75:13-77:29
175                <action android:name="android.intent.action.VIEW" />
175-->[:contacts_service] AndroidManifest.xml:15:13-65
175-->[:contacts_service] AndroidManifest.xml:15:21-62
176            </intent-filter>
177        </activity>
178
179        <receiver
179-->[com.onesignal:notifications:5.0.0] AndroidManifest.xml:80:9-82:39
180            android:name="com.onesignal.notifications.receivers.NotificationDismissReceiver"
180-->[com.onesignal:notifications:5.0.0] AndroidManifest.xml:81:13-93
181            android:exported="true" />
181-->[com.onesignal:notifications:5.0.0] AndroidManifest.xml:82:13-36
182        <receiver
182-->[com.onesignal:notifications:5.0.0] AndroidManifest.xml:83:9-90:20
183            android:name="com.onesignal.notifications.receivers.BootUpReceiver"
183-->[com.onesignal:notifications:5.0.0] AndroidManifest.xml:84:13-80
184            android:exported="true" >
184-->[com.onesignal:notifications:5.0.0] AndroidManifest.xml:85:13-36
185            <intent-filter>
185-->[com.onesignal:notifications:5.0.0] AndroidManifest.xml:86:13-89:29
186                <action android:name="android.intent.action.BOOT_COMPLETED" />
186-->[com.onesignal:notifications:5.0.0] AndroidManifest.xml:87:17-79
186-->[com.onesignal:notifications:5.0.0] AndroidManifest.xml:87:25-76
187                <action android:name="android.intent.action.QUICKBOOT_POWERON" />
187-->[com.onesignal:notifications:5.0.0] AndroidManifest.xml:88:17-82
187-->[com.onesignal:notifications:5.0.0] AndroidManifest.xml:88:25-79
188            </intent-filter>
189        </receiver>
190        <receiver
190-->[com.onesignal:notifications:5.0.0] AndroidManifest.xml:91:9-97:20
191            android:name="com.onesignal.notifications.receivers.UpgradeReceiver"
191-->[com.onesignal:notifications:5.0.0] AndroidManifest.xml:92:13-81
192            android:exported="true" >
192-->[com.onesignal:notifications:5.0.0] AndroidManifest.xml:93:13-36
193            <intent-filter>
193-->[com.onesignal:notifications:5.0.0] AndroidManifest.xml:94:13-96:29
194                <action android:name="android.intent.action.MY_PACKAGE_REPLACED" />
194-->[com.onesignal:notifications:5.0.0] AndroidManifest.xml:95:17-84
194-->[com.onesignal:notifications:5.0.0] AndroidManifest.xml:95:25-81
195            </intent-filter>
196        </receiver>
197
198        <activity
198-->[com.onesignal:notifications:5.0.0] AndroidManifest.xml:99:9-105:75
199            android:name="com.onesignal.notifications.activities.NotificationOpenedActivity"
199-->[com.onesignal:notifications:5.0.0] AndroidManifest.xml:100:13-93
200            android:excludeFromRecents="true"
200-->[com.onesignal:notifications:5.0.0] AndroidManifest.xml:101:13-46
201            android:exported="true"
201-->[com.onesignal:notifications:5.0.0] AndroidManifest.xml:102:13-36
202            android:noHistory="true"
202-->[com.onesignal:notifications:5.0.0] AndroidManifest.xml:103:13-37
203            android:taskAffinity=""
203-->[com.onesignal:notifications:5.0.0] AndroidManifest.xml:104:13-36
204            android:theme="@android:style/Theme.Translucent.NoTitleBar" />
204-->[com.onesignal:notifications:5.0.0] AndroidManifest.xml:105:13-72
205        <activity
205-->[com.onesignal:notifications:5.0.0] AndroidManifest.xml:106:9-111:75
206            android:name="com.onesignal.notifications.activities.NotificationOpenedActivityAndroid22AndOlder"
206-->[com.onesignal:notifications:5.0.0] AndroidManifest.xml:107:13-110
207            android:excludeFromRecents="true"
207-->[com.onesignal:notifications:5.0.0] AndroidManifest.xml:108:13-46
208            android:exported="true"
208-->[com.onesignal:notifications:5.0.0] AndroidManifest.xml:109:13-36
209            android:noHistory="true"
209-->[com.onesignal:notifications:5.0.0] AndroidManifest.xml:110:13-37
210            android:theme="@android:style/Theme.Translucent.NoTitleBar" />
210-->[com.onesignal:notifications:5.0.0] AndroidManifest.xml:111:13-72
211
212        <service
212-->[com.onesignal:core:5.0.0] AndroidManifest.xml:13:9-16:43
213            android:name="com.onesignal.core.services.SyncService"
213-->[com.onesignal:core:5.0.0] AndroidManifest.xml:14:13-67
214            android:exported="false"
214-->[com.onesignal:core:5.0.0] AndroidManifest.xml:15:13-37
215            android:stopWithTask="true" />
215-->[com.onesignal:core:5.0.0] AndroidManifest.xml:16:13-40
216        <service
216-->[com.onesignal:core:5.0.0] AndroidManifest.xml:17:9-20:72
217            android:name="com.onesignal.core.services.SyncJobService"
217-->[com.onesignal:core:5.0.0] AndroidManifest.xml:18:13-70
218            android:exported="false"
218-->[com.onesignal:core:5.0.0] AndroidManifest.xml:19:13-37
219            android:permission="android.permission.BIND_JOB_SERVICE" />
219-->[com.onesignal:core:5.0.0] AndroidManifest.xml:20:13-69
220
221        <activity
221-->[com.onesignal:core:5.0.0] AndroidManifest.xml:22:9-25:75
222            android:name="com.onesignal.core.activities.PermissionsActivity"
222-->[com.onesignal:core:5.0.0] AndroidManifest.xml:23:13-77
223            android:exported="false"
223-->[com.onesignal:core:5.0.0] AndroidManifest.xml:24:13-37
224            android:theme="@android:style/Theme.Translucent.NoTitleBar" />
224-->[com.onesignal:core:5.0.0] AndroidManifest.xml:25:13-72
225        <activity
225-->[com.google.android.gms:play-services-base:17.0.0] AndroidManifest.xml:23:9-26:75
226            android:name="com.google.android.gms.common.api.GoogleApiActivity"
226-->[com.google.android.gms:play-services-base:17.0.0] AndroidManifest.xml:24:13-79
227            android:exported="false"
227-->[com.google.android.gms:play-services-base:17.0.0] AndroidManifest.xml:25:13-37
228            android:theme="@android:style/Theme.Translucent.NoTitleBar" />
228-->[com.google.android.gms:play-services-base:17.0.0] AndroidManifest.xml:26:13-72
229
230        <receiver
230-->[com.google.firebase:firebase-messaging:23.0.0] AndroidManifest.xml:28:9-35:20
231            android:name="com.google.firebase.iid.FirebaseInstanceIdReceiver"
231-->[com.google.firebase:firebase-messaging:23.0.0] AndroidManifest.xml:29:13-78
232            android:exported="true"
232-->[com.google.firebase:firebase-messaging:23.0.0] AndroidManifest.xml:30:13-36
233            android:permission="com.google.android.c2dm.permission.SEND" >
233-->[com.google.firebase:firebase-messaging:23.0.0] AndroidManifest.xml:31:13-73
234            <intent-filter>
234-->[com.google.firebase:firebase-messaging:23.0.0] AndroidManifest.xml:32:13-34:29
235                <action android:name="com.google.android.c2dm.intent.RECEIVE" />
235-->[com.onesignal:notifications:5.0.0] AndroidManifest.xml:56:17-81
235-->[com.onesignal:notifications:5.0.0] AndroidManifest.xml:56:25-78
236            </intent-filter>
237        </receiver>
238        <!--
239             FirebaseMessagingService performs security checks at runtime,
240             but set to not exported to explicitly avoid allowing another app to call it.
241        -->
242        <service
242-->[com.google.firebase:firebase-messaging:23.0.0] AndroidManifest.xml:41:9-48:19
243            android:name="com.google.firebase.messaging.FirebaseMessagingService"
243-->[com.google.firebase:firebase-messaging:23.0.0] AndroidManifest.xml:42:13-82
244            android:directBootAware="true"
244-->[com.google.firebase:firebase-messaging:23.0.0] AndroidManifest.xml:43:13-43
245            android:exported="false" >
245-->[com.google.firebase:firebase-messaging:23.0.0] AndroidManifest.xml:44:13-37
246            <intent-filter android:priority="-500" >
246-->[com.google.firebase:firebase-messaging:23.0.0] AndroidManifest.xml:45:13-47:29
246-->[com.google.firebase:firebase-messaging:23.0.0] AndroidManifest.xml:45:28-51
247                <action android:name="com.google.firebase.MESSAGING_EVENT" />
247-->[com.google.firebase:firebase-messaging:23.0.0] AndroidManifest.xml:46:17-78
247-->[com.google.firebase:firebase-messaging:23.0.0] AndroidManifest.xml:46:25-75
248            </intent-filter>
249        </service>
250        <service
250-->[com.google.firebase:firebase-messaging:23.0.0] AndroidManifest.xml:49:9-55:19
251            android:name="com.google.firebase.components.ComponentDiscoveryService"
251-->[com.google.firebase:firebase-messaging:23.0.0] AndroidManifest.xml:50:13-84
252            android:directBootAware="true"
252-->[com.google.firebase:firebase-common:20.0.0] AndroidManifest.xml:35:13-43
253            android:exported="false" >
253-->[com.google.firebase:firebase-messaging:23.0.0] AndroidManifest.xml:51:13-37
254            <meta-data
254-->[com.google.firebase:firebase-messaging:23.0.0] AndroidManifest.xml:52:13-54:85
255                android:name="com.google.firebase.components:com.google.firebase.messaging.FirebaseMessagingRegistrar"
255-->[com.google.firebase:firebase-messaging:23.0.0] AndroidManifest.xml:53:17-119
256                android:value="com.google.firebase.components.ComponentRegistrar" />
256-->[com.google.firebase:firebase-messaging:23.0.0] AndroidManifest.xml:54:17-82
257            <meta-data
257-->[com.google.firebase:firebase-datatransport:18.0.0] AndroidManifest.xml:28:13-30:85
258                android:name="com.google.firebase.components:com.google.firebase.datatransport.TransportRegistrar"
258-->[com.google.firebase:firebase-datatransport:18.0.0] AndroidManifest.xml:29:17-115
259                android:value="com.google.firebase.components.ComponentRegistrar" />
259-->[com.google.firebase:firebase-datatransport:18.0.0] AndroidManifest.xml:30:17-82
260            <meta-data
260-->[com.google.firebase:firebase-installations:17.0.0] AndroidManifest.xml:18:13-20:85
261                android:name="com.google.firebase.components:com.google.firebase.installations.FirebaseInstallationsRegistrar"
261-->[com.google.firebase:firebase-installations:17.0.0] AndroidManifest.xml:19:17-127
262                android:value="com.google.firebase.components.ComponentRegistrar" />
262-->[com.google.firebase:firebase-installations:17.0.0] AndroidManifest.xml:20:17-82
263        </service>
264
265        <provider
265-->[com.google.firebase:firebase-common:20.0.0] AndroidManifest.xml:26:9-31:39
266            android:name="com.google.firebase.provider.FirebaseInitProvider"
266-->[com.google.firebase:firebase-common:20.0.0] AndroidManifest.xml:27:13-77
267            android:authorities="com.production.airruppies.firebaseinitprovider"
267-->[com.google.firebase:firebase-common:20.0.0] AndroidManifest.xml:28:13-72
268            android:directBootAware="true"
268-->[com.google.firebase:firebase-common:20.0.0] AndroidManifest.xml:29:13-43
269            android:exported="false"
269-->[com.google.firebase:firebase-common:20.0.0] AndroidManifest.xml:30:13-37
270            android:initOrder="100" />
270-->[com.google.firebase:firebase-common:20.0.0] AndroidManifest.xml:31:13-36
271
272        <meta-data
272-->[com.google.android.gms:play-services-basement:17.0.0] AndroidManifest.xml:23:9-25:69
273            android:name="com.google.android.gms.version"
273-->[com.google.android.gms:play-services-basement:17.0.0] AndroidManifest.xml:24:13-58
274            android:value="@integer/google_play_services_version" />
274-->[com.google.android.gms:play-services-basement:17.0.0] AndroidManifest.xml:25:13-66
275
276        <uses-library
276-->[androidx.window:window:1.0.0-beta04] AndroidManifest.xml:25:9-27:40
277            android:name="androidx.window.extensions"
277-->[androidx.window:window:1.0.0-beta04] AndroidManifest.xml:26:13-54